2017-11-18 14:20:32,611 [20] ServiceStack.Razor.Managers.RazorViewManager - Compiled Razor page 'default.cshtml' in 584ms.
2017-11-18 14:20:32,991 [20] ServiceStack.Razor.Managers.RazorViewManager - Compiled Razor page '_Layout.cshtml' in 326ms.
2017-11-18 15:08:58,910 [46] ServiceStack.Razor.Managers.RazorViewManager - Compiled Razor page 'default.cshtml' in 604ms.
2017-11-18 15:08:59,250 [46] ServiceStack.Razor.Managers.RazorViewManager - Compiled Razor page '_Layout.cshtml' in 299ms.
2017-11-18 15:13:03,708 [64] ServiceStack.Razor.Managers.RazorViewManager - Compiled Razor page 'default.cshtml' in 483ms.
2017-11-18 15:13:04,034 [64] ServiceStack.Razor.Managers.RazorViewManager - Compiled Razor page '_Layout.cshtml' in 286ms.
2017-11-18 15:22:12,310 [7] ServiceStack.Razor.Managers.RazorViewManager - Compiled Razor page 'default.cshtml' in 565ms.
2017-11-18 15:22:13,110 [7] ServiceStack.Razor.Managers.RazorViewManager - Compiled Razor page '_Layout.cshtml' in 310ms.
2017-11-18 15:27:46,336 [66] ServiceStack.Razor.Managers.RazorViewManager - Compiled Razor page 'default.cshtml' in 560ms.
2017-11-18 15:27:46,701 [66] ServiceStack.Razor.Managers.RazorViewManager - Compiled Razor page '_Layout.cshtml' in 310ms.
2017-11-18 15:32:47,766 [38] ServiceStack.Razor.Managers.RazorViewManager - Compiled Razor page 'default.cshtml' in 429ms.
2017-11-18 15:32:48,080 [38] ServiceStack.Razor.Managers.RazorViewManager - Compiled Razor page '_Layout.cshtml' in 277ms.
2017-11-18 15:35:04,112 [34] ServiceStack.Razor.Managers.RazorViewManager - Compiled Razor page '_html5shiv.cshtml' in 313ms.
2017-11-18 15:37:15,704 [18] ServiceStack.Razor.Managers.RazorViewManager - Compiled Razor page '_Layout.cshtml' in 284ms.
2017-11-18 15:37:28,039 [31] ServiceStack.Razor.Managers.RazorViewManager - Compiled Razor page '_Layout.cshtml' in 261ms.
2017-11-18 15:38:50,969 [18] ServiceStack.Razor.Managers.RazorViewManager - Compiled Razor page '_Layout.cshtml' in 262ms.
2017-11-18 15:39:19,553 [18] ServiceStack.Razor.Managers.RazorViewManager - Compiled Razor page '_Layout.cshtml' in 256ms.
2017-11-18 15:39:33,584 [38] ServiceStack.Razor.Managers.RazorViewManager - Compiled Razor page 'default.cshtml' in 300ms.
2017-11-18 15:39:40,482 [31] ServiceStack.Razor.Managers.RazorViewManager - Compiled Razor page 'default.cshtml' in 250ms.
2017-11-18 15:43:27,319 [8] ServiceStack.Razor.Managers.RazorViewManager - Compiled Razor page 'default.cshtml' in 277ms.
2017-11-18 15:43:27,573 [8] ServiceStack.Razor.Managers.RazorViewManager - Compiled Razor page '_Layout.cshtml' in 249ms.
2017-11-18 16:36:39,272 [119] ServiceStack.Razor.Managers.RazorViewManager - Compiled Razor page 'default.cshtml' in 458ms.
2017-11-18 16:36:39,579 [119] ServiceStack.Razor.Managers.RazorViewManager - Compiled Razor page '_Layout.cshtml' in 268ms.
2017-11-18 16:37:05,377 [126] ServiceStack.Razor.Managers.RazorViewManager - Compiled Razor page 'default.cshtml' in 244ms.
2017-11-18 16:37:34,480 [128] ServiceStack.Razor.Managers.RazorViewManager - Compiled Razor page 'default.cshtml' in 241ms.
2017-11-18 16:37:51,122 [120] ServiceStack.Razor.Managers.RazorViewManager - Compiled Razor page 'default.cshtml' in 241ms.
2017-11-18 16:38:21,158 [124] ServiceStack.Razor.Managers.RazorViewManager - Compiled Razor page 'default.cshtml' in 247ms.
2017-11-18 16:38:21,417 [124] ServiceStack.Razor.Managers.RazorViewManager - Compiled Razor page '_Layout.cshtml' in 255ms.
2017-11-18 16:46:10,878 [100] ServiceStack.Razor.Managers.RazorViewManager - Compiled Razor page 'default.cshtml' in 469ms.
2017-11-18 16:46:11,203 [100] ServiceStack.Razor.Managers.RazorViewManager - Compiled Razor page '_Layout.cshtml' in 286ms.
2017-11-18 17:56:31,888 [26] ServiceStack.OrmLite.OrmLiteReadCommandExtensions - SQL: exec UserLogin
PARAMS: username=a, password=123
2017-11-18 17:56:58,516 [10] ServiceStack.OrmLite.OrmLiteReadCommandExtensions - SQL: exec UserLogin @username,@password
PARAMS: username=a, password=123
2017-11-18 17:58:00,736 [5] ServiceStack.OrmLite.OrmLiteReadCommandExtensions - SQL: exec UserLogin @username,@password
PARAMS: username=a, password=123
2017-11-18 17:59:55,399 [5] ServiceStack.OrmLite.OrmLiteReadCommandExtensions - SQL: exec UserLogin @username,@password
PARAMS: username=1, password=1
2017-11-18 18:00:39,759 [5] ServiceStack.OrmLite.OrmLiteReadCommandExtensions - SQL: exec UserLogin @username,@password
PARAMS: username=13456949003, password=a123123
2017-11-18 18:04:20,549 [35] ServiceStack.OrmLite.OrmLiteReadCommandExtensions - SQL: exec UserLogin @username,@password
PARAMS: username=13456949003, password=a123123
2017-11-18 18:06:21,220 [37] ServiceStack.OrmLite.OrmLiteReadCommandExtensions - SQL: exec UserLogin @username,@password
PARAMS: username=a, password=123
2017-11-18 18:06:35,298 [34] ServiceStack.OrmLite.OrmLiteReadCommandExtensions - SQL: exec UserLogin @username,@password
PARAMS: username=13456949003, password=a123123
2017-11-18 18:06:36,465 [46] ServiceStack.OrmLite.OrmLiteReadCommandExtensions - SQL: exec UserLogin @username,@password
PARAMS: username=13456949003, password=a123123
2017-11-18 18:06:37,185 [38] ServiceStack.OrmLite.OrmLiteReadCommandExtensions - SQL: exec UserLogin @username,@password
PARAMS: username=13456949003, password=a123123
2017-11-18 18:08:11,996 [36] ServiceStack.OrmLite.OrmLiteReadCommandExtensions - SQL: exec UserLogin @username,@password
PARAMS: username=13456949003, password=a123123
2017-11-18 18:08:53,614 [44] ServiceStack.OrmLite.OrmLiteReadCommandExtensions - SQL: exec UserLogin @username,@password
PARAMS: username=13456949003, password=a123123
2017-11-18 18:09:14,091 [36] ServiceStack.OrmLite.OrmLiteReadCommandExtensions - SQL: exec UserLogin @username,@password
PARAMS: username=13456949003, password=a123123
2017-11-18 18:10:14,370 [45] ServiceStack.OrmLite.OrmLiteReadCommandExtensions - SQL: exec UserLogin @username,@password
PARAMS: username=13456949003, password=a123123
2017-11-18 18:10:31,931 [45] ServiceStack.OrmLite.OrmLiteReadCommandExtensions - SQL: exec UserLogin @username,@password
PARAMS: username=13456949000, password=Zdwp@888
2017-11-18 18:10:33,137 [44] ServiceStack.OrmLite.OrmLiteReadCommandExtensions - SQL: exec UserLogin @username,@password
PARAMS: username=13456949000, password=Zdwp@888
2017-11-18 18:10:33,715 [45] ServiceStack.OrmLite.OrmLiteReadCommandExtensions - SQL: exec UserLogin @username,@password
PARAMS: username=13456949000, password=Zdwp@888
2017-11-18 18:10:34,226 [41] ServiceStack.OrmLite.OrmLiteReadCommandExtensions - SQL: exec UserLogin @username,@password
PARAMS: username=13456949000, password=Zdwp@888
2017-11-18 18:10:34,896 [44] ServiceStack.OrmLite.OrmLiteReadCommandExtensions - SQL: exec UserLogin @username,@password
PARAMS: username=13456949000, password=Zdwp@888
2017-11-18 18:10:35,185 [45] ServiceStack.OrmLite.OrmLiteReadCommandExtensions - SQL: exec UserLogin @username,@password
PARAMS: username=13456949000, password=Zdwp@888
2017-11-18 18:10:35,361 [34] ServiceStack.OrmLite.OrmLiteReadCommandExtensions - SQL: exec UserLogin @username,@password
PARAMS: username=13456949000, password=Zdwp@888
2017-11-18 18:10:35,544 [44] ServiceStack.OrmLite.OrmLiteReadCommandExtensions - SQL: exec UserLogin @username,@password
PARAMS: username=13456949000, password=Zdwp@888
2017-11-18 18:10:35,746 [34] ServiceStack.OrmLite.OrmLiteReadCommandExtensions - SQL: exec UserLogin @username,@password
PARAMS: username=13456949000, password=Zdwp@888
2017-11-18 18:10:35,945 [44] ServiceStack.OrmLite.OrmLiteReadCommandExtensions - SQL: exec UserLogin @username,@password
PARAMS: username=13456949000, password=Zdwp@888
2017-11-18 18:10:36,145 [45] ServiceStack.OrmLite.OrmLiteReadCommandExtensions - SQL: exec UserLogin @username,@password
PARAMS: username=13456949000, password=Zdwp@888
2017-11-18 18:10:36,344 [34] ServiceStack.OrmLite.OrmLiteReadCommandExtensions - SQL: exec UserLogin @username,@password
PARAMS: username=13456949000, password=Zdwp@888
2017-11-18 18:10:36,529 [44] ServiceStack.OrmLite.OrmLiteReadCommandExtensions - SQL: exec UserLogin @username,@password
PARAMS: username=13456949000, password=Zdwp@888
2017-11-18 18:10:36,729 [45] ServiceStack.OrmLite.OrmLiteReadCommandExtensions - SQL: exec UserLogin @username,@password
PARAMS: username=13456949000, password=Zdwp@888
2017-11-18 18:10:36,936 [41] ServiceStack.OrmLite.OrmLiteReadCommandExtensions - SQL: exec UserLogin @username,@password
PARAMS: username=13456949000, password=Zdwp@888
2017-11-18 18:10:37,161 [45] ServiceStack.OrmLite.OrmLiteReadCommandExtensions - SQL: exec UserLogin @username,@password
PARAMS: username=13456949000, password=Zdwp@888
2017-11-18 18:11:38,932 [5] ServiceStack.OrmLite.OrmLiteReadCommandExtensions - SQL: exec UserLogin @username,@password
PARAMS: username=13456949003, password=a123123
2017-11-18 18:15:39,980 [5] ServiceStack.OrmLite.OrmLiteReadCommandExtensions - SQL: exec UserLogin @username,@password
PARAMS: username=13456949000, password=anuaLf5Oup4NWeLv--K-uA2
